# JRE version: Java(TM) SE Runtime Environment (8.0_65-b17) (build 1.8.0_65-b17)
# Java VM: Java HotSpot(TM) 64-Bit Server VM (25.65-b01 mixed mode windows-amd64 compressed oops)
Heap:
 PSYoungGen      total 129024K, used 128608K [0x00000000f5580000, 0x00000000ffe00000, 0x0000000100000000)
  eden space 125440K, 100% used [0x00000000f5580000,0x00000000fd000000,0x00000000fd000000)
  from space 3584K, 88% used [0x00000000fd300000,0x00000000fd618030,0x00000000fd680000)
  to   space 23552K, 13% used [0x00000000fe700000,0x00000000fea00030,0x00000000ffe00000)
 ParOldGen       total 140800K, used 30337K [0x00000000e0000000, 0x00000000e8980000, 0x00000000f5580000)
  object space 140800K, 21% used [0x00000000e0000000,0x00000000e1da0438,0x00000000e8980000)
 Metaspace       used 45211K, capacity 46188K, committed 46464K, reserved 1089536K
  class space    used 6148K, capacity 6431K, committed 6528K, reserved 1048576K
GC Heap History (10 events):
Event: 1542.344 GC heap after
Heap after GC invocations=9 (full 2):
 PSYoungGen      total 159744K, used 13378K [0x00000000f5580000, 0x0000000100000000, 0x0000000100000000)
  eden space 145920K, 0% used [0x00000000f5580000,0x00000000f5580000,0x00000000fe400000)
  from space 13824K, 96% used [0x00000000fe400000,0x00000000ff110ae0,0x00000000ff180000)
  to   space 14848K, 0% used [0x00000000ff180000,0x00000000ff180000,0x0000000100000000)
 ParOldGen       total 140800K, used 18808K [0x00000000e0000000, 0x00000000e8980000, 0x00000000f5580000)
  object space 140800K, 13% used [0x00000000e0000000,0x00000000e125e108,0x00000000e8980000)
 Metaspace       used 43259K, capacity 44154K, committed 44288K, reserved 1087488K
  class space    used 6086K, capacity 6344K, committed 6400K, reserved 1048576K
}
Event: 5444.716 GC heap before
{Heap before GC invocations=10 (full 2):
 PSYoungGen      total 159744K, used 159298K [0x00000000f5580000, 0x0000000100000000, 0x0000000100000000)
  eden space 145920K, 100% used [0x00000000f5580000,0x00000000fe400000,0x00000000fe400000)
  from space 13824K, 96% used [0x00000000fe400000,0x00000000ff110ae0,0x00000000ff180000)
  to   space 14848K, 0% used [0x00000000ff180000,0x00000000ff180000,0x0000000100000000)
 ParOldGen       total 140800K, used 18808K [0x00000000e0000000, 0x00000000e8980000, 0x00000000f5580000)
  object space 140800K, 13% used [0x00000000e0000000,0x00000000e125e108,0x00000000e8980000)
 Metaspace       used 43935K, capacity 44796K, committed 45056K, reserved 1087488K
  class space    used 6103K, capacity 6355K, committed 6400K, reserved 1048576K
Event: 5444.755 GC heap after
Heap after GC invocations=10 (full 2):
 PSYoungGen      total 157696K, used 11447K [0x00000000f5580000, 0x0000000100000000, 0x0000000100000000)
  eden space 142848K, 0% used [0x00000000f5580000,0x00000000f5580000,0x00000000fe100000)
  from space 14848K, 77% used [0x00000000ff180000,0x00000000ffcadc40,0x0000000100000000)
  to   space 15872K, 0% used [0x00000000fe100000,0x00000000fe100000,0x00000000ff080000)
 ParOldGen       total 140800K, used 18816K [0x00000000e0000000, 0x00000000e8980000, 0x00000000f5580000)
  object space 140800K, 13% used [0x00000000e0000000,0x00000000e1260108,0x00000000e8980000)
 Metaspace       used 43935K, capacity 44796K, committed 45056K, reserved 1087488K
  class space    used 6103K, capacity 6355K, committed 6400K, reserved 1048576K
}
Event: 6362.274 GC heap before
{Heap before GC invocations=11 (full 2):
 PSYoungGen      total 157696K, used 154295K [0x00000000f5580000, 0x0000000100000000, 0x0000000100000000)
  eden space 142848K, 100% used [0x00000000f5580000,0x00000000fe100000,0x00000000fe100000)
  from space 14848K, 77% used [0x00000000ff180000,0x00000000ffcadc40,0x0000000100000000)
  to   space 15872K, 0% used [0x00000000fe100000,0x00000000fe100000,0x00000000ff080000)
 ParOldGen       total 140800K, used 18816K [0x00000000e0000000, 0x00000000e8980000, 0x00000000f5580000)
  object space 140800K, 13% used [0x00000000e0000000,0x00000000e1260108,0x00000000e8980000)
 Metaspace       used 44808K, capacity 45798K, committed 45952K, reserved 1089536K
  class space    used 6145K, capacity 6430K, committed 6528K, reserved 1048576K
Event: 6362.365 GC heap after
Heap after GC invocations=11 (full 2):
 PSYoungGen      total 155136K, used 15863K [0x00000000f5580000, 0x0000000100000000, 0x0000000100000000)
  eden space 139264K, 0% used [0x00000000f5580000,0x00000000f5580000,0x00000000fdd80000)
  from space 15872K, 99% used [0x00000000fe100000,0x00000000ff07dd40,0x00000000ff080000)
  to   space 15872K, 0% used [0x00000000ff080000,0x00000000ff080000,0x0000000100000000)
 ParOldGen       total 140800K, used 24573K [0x00000000e0000000, 0x00000000e8980000, 0x00000000f5580000)
  object space 140800K, 17% used [0x00000000e0000000,0x00000000e17ff478,0x00000000e8980000)
 Metaspace       used 44808K, capacity 45798K, committed 45952K, reserved 1089536K
  class space    used 6145K, capacity 6430K, committed 6528K, reserved 1048576K
}
Event: 8002.272 GC heap before
{Heap before GC invocations=12 (full 2):
 PSYoungGen      total 155136K, used 155127K [0x00000000f5580000, 0x0000000100000000, 0x0000000100000000)
  eden space 139264K, 100% used [0x00000000f5580000,0x00000000fdd80000,0x00000000fdd80000)
  from space 15872K, 99% used [0x00000000fe100000,0x00000000ff07dd40,0x00000000ff080000)
  to   space 15872K, 0% used [0x00000000ff080000,0x00000000ff080000,0x0000000100000000)
 ParOldGen       total 140800K, used 24573K [0x00000000e0000000, 0x00000000e8980000, 0x00000000f5580000)
  object space 140800K, 17% used [0x00000000e0000000,0x00000000e17ff478,0x00000000e8980000)
 Metaspace       used 45210K, capacity 46188K, committed 46464K, reserved 1089536K
  class space    used 6147K, capacity 6431K, committed 6528K, reserved 1048576K
Event: 8002.307 GC heap after
Heap after GC invocations=12 (full 2):
 PSYoungGen      total 144384K, used 15871K [0x00000000f5580000, 0x0000000100000000, 0x0000000100000000)
  eden space 128512K, 0% used [0x00000000f5580000,0x00000000f5580000,0x00000000fd300000)
  from space 15872K, 99% used [0x00000000ff080000,0x00000000fffffc80,0x0000000100000000)
  to   space 23040K, 0% used [0x00000000fd300000,0x00000000fd300000,0x00000000fe980000)
 ParOldGen       total 140800K, used 30329K [0x00000000e0000000, 0x00000000e8980000, 0x00000000f5580000)
  object space 140800K, 21% used [0x00000000e0000000,0x00000000e1d9e438,0x00000000e8980000)
 Metaspace       used 45210K, capacity 46188K, committed 46464K, reserved 1089536K
  class space    used 6147K, capacity 6431K, committed 6528K, reserved 1048576K
}
Event: 14731.802 GC heap before
{Heap before GC invocations=13 (full 2):
 PSYoungGen      total 144384K, used 144383K [0x00000000f5580000, 0x0000000100000000, 0x0000000100000000)
  eden space 128512K, 100% used [0x00000000f5580000,0x00000000fd300000,0x00000000fd300000)
  from space 15872K, 99% used [0x00000000ff080000,0x00000000fffffc80,0x0000000100000000)
  to   space 23040K, 0% used [0x00000000fd300000,0x00000000fd300000,0x00000000fe980000)
 ParOldGen       total 140800K, used 30329K [0x00000000e0000000, 0x00000000e8980000, 0x00000000f5580000)
  object space 140800K, 21% used [0x00000000e0000000,0x00000000e1d9e438,0x00000000e8980000)
 Metaspace       used 45211K, capacity 46188K, committed 46464K, reserved 1089536K
  class space    used 6147K, capacity 6431K, committed 6528K, reserved 1048576K
Event: 14731.819 GC heap after
Heap after GC invocations=13 (full 2):
 PSYoungGen      total 129024K, used 3168K [0x00000000f5580000, 0x00000000ffe00000, 0x0000000100000000)
  eden space 125440K, 0% used [0x00000000f5580000,0x00000000f5580000,0x00000000fd000000)
  from space 3584K, 88% used [0x00000000fd300000,0x00000000fd618030,0x00000000fd680000)
  to   space 23552K, 0% used [0x00000000fe700000,0x00000000fe700000,0x00000000ffe00000)
 ParOldGen       total 140800K, used 30337K [0x00000000e0000000, 0x00000000e8980000, 0x00000000f5580000)
  object space 140800K, 21% used [0x00000000e0000000,0x00000000e1da0438,0x00000000e8980000)
 Metaspace       used 45211K, capacity 46188K, committed 46464K, reserved 1089536K
  class space    used 6147K, capacity 6431K, committed 6528K, reserved 1048576K
}
Event: 21606.310 GC heap before
{Heap before GC invocations=14 (full 2):
 PSYoungGen      total 129024K, used 128608K [0x00000000f5580000, 0x00000000ffe00000, 0x0000000100000000)
  eden space 125440K, 100% used [0x00000000f5580000,0x00000000fd000000,0x00000000fd000000)
  from space 3584K, 88% used [0x00000000fd300000,0x00000000fd618030,0x00000000fd680000)
  to   space 23552K, 0% used [0x00000000fe700000,0x00000000fe700000,0x00000000ffe00000)
 ParOldGen       total 140800K, used 30337K [0x00000000e0000000, 0x00000000e8980000, 0x00000000f5580000)
  object space 140800K, 21% used [0x00000000e0000000,0x00000000e1da0438,0x00000000e8980000)
 Metaspace       used 45211K, capacity 46188K, committed 46464K, reserved 1089536K
  class space    used 6148K, capacity 6431K, committed 6528K, reserved 1048576K

